Mplus VERSION 8.3
MUTHEN & MUTHEN
04/02/2021   8:16 PM

INPUT INSTRUCTIONS

  TITLE:
  Combined model
  DATA:
  FILE = "combined_e0e0461ebe019c9d5af20a32bb82c571.dat";

  VARIABLE:
  NAMES = sample length width c1 c2 c3 c4 c5 c6;
   MISSING=.;
   USEVARIABLES = length width c1 c2 c3 c4 c5 c6;
  CLASSES = c(6);
  TRAINING = c1 c2 c3 c4 c5 c6;
  CLUSTER = sample;
  ANALYSIS:

                                      TYPE = complex mixture;
  STARTS = 100 10;
  STITERATIONS = 20;
  MODEL:
  %c#1%
  length (vlength1);
  width (vwidth3);
  [ length*14.07023 ];
  [width@0];
  length WITH width (lengthWwidth3);
  %c#2%
  length (vlength2);
  width (vwidth3);
  [ length*48.96305 ];
  [width@0];
  length WITH width (lengthWwidth3);
  %c#3%
  length (vlength3);
  width (vwidth3);
  [ length*3.06779 ];
  [ width*1.89682 ];
  length WITH width (lengthWwidth3);
  %c#4%
  length (vlength4);
  width (vwidth4);
  [ length*9.29501 ];
  [ width*5.63437 ];
  length WITH width (lengthWwidth3);
  %c#5%
  length (vlength5);
  width (vwidth5);
  [ length*2.20399 ];
  [ width*1.56727 ];
  length WITH width (lengthWwidth5);
  %c#6%
  length (vlength6);
  width (vwidth6);
  [ length*5.10412 ];
  [ width*3.40502 ];
  length WITH width (lengthWwidth5);
  OUTPUT:
  TECH14;
  standardized;
  svalues;
  SAVEDATA:
  FILE IS combined_save.dat;
  SAVE = cprobabilities;



*** WARNING in MODEL command
  All variables are uncorrelated with all other variables within class.
  Check that this is what is intended.
*** WARNING in OUTPUT command
  TECH14 option is not available for TYPE=MIXTURE COMPLEX.
  Request for TECH14 is ignored.
   2 WARNING(S) FOUND IN THE INPUT INSTRUCTIONS




Combined model

SUMMARY OF ANALYSIS

Number of groups                                                 1
Number of observations                                        6692

Number of dependent variables                                    2
Number of independent variables                                  0
Number of continuous latent variables                            0
Number of categorical latent variables                           1

Observed dependent variables

  Continuous
   LENGTH      WIDTH

Categorical latent variables
   C

Variables with special functions

  Cluster variable      SAMPLE

  Training variables (membership)
   C1          C2          C3          C4          C5          C6


Estimator                                                      MLR
Information matrix                                        OBSERVED
Optimization Specifications for the Quasi-Newton Algorithm for
Continuous Outcomes
  Maximum number of iterations                                 100
  Convergence criterion                                  0.100D-05
Optimization Specifications for the EM Algorithm
  Maximum number of iterations                                 500
  Convergence criteria
    Loglikelihood change                                 0.100D-06
    Relative loglikelihood change                        0.100D-06
    Derivative                                           0.100D-05
Optimization Specifications for the M step of the EM Algorithm for
Categorical Latent variables
  Number of M step iterations                                    1
  M step convergence criterion                           0.100D-05
  Basis for M step termination                           ITERATION
Optimization Specifications for the M step of the EM Algorithm for
Censored, Binary or Ordered Categorical (Ordinal), Unordered
Categorical (Nominal) and Count Outcomes
  Number of M step iterations                                    1
  M step convergence criterion                           0.100D-05
  Basis for M step termination                           ITERATION
  Maximum value for logit thresholds                            15
  Minimum value for logit thresholds                           -15
  Minimum expected cell size for chi-square              0.100D-01
Maximum number of iterations for H1                           2000
Convergence criterion for H1                             0.100D-03
Optimization algorithm                                         EMA
Random Starts Specifications
  Number of initial stage random starts                        100
  Number of final stage optimizations                           10
  Number of initial stage iterations                            20
  Initial stage convergence criterion                    0.100D+01
  Random starts scale                                    0.500D+01
  Random seed for generating random starts                       0

Input data file(s)
  combined_e0e0461ebe019c9d5af20a32bb82c571.dat
Input data format  FREE


SUMMARY OF DATA

     Number of missing data patterns             2
     Number of y missing data patterns           2
     Number of u missing data patterns           0
     Number of clusters                         21



COVARIANCE COVERAGE OF DATA

Minimum covariance coverage value   0.100


     PROPORTION OF DATA PRESENT FOR Y


           Covariance Coverage
              LENGTH        WIDTH
              ________      ________
 LENGTH         1.000
 WIDTH          0.928         0.928



UNIVARIATE SAMPLE STATISTICS


     UNIVARIATE HIGHER-ORDER MOMENT DESCRIPTIVE STATISTICS

         Variable/         Mean/     Skewness/   Minimum/ % with                Percentiles
        Sample Size      Variance    Kurtosis    Maximum  Min/Max      20%/60%    40%/80%    Median

     LENGTH                5.160       6.520       1.000    0.03%       1.711      2.336      2.712
            6692.000     106.376      51.537     137.829    0.01%       3.243      5.000
     WIDTH                 2.120       2.555       0.439    0.02%       1.159      1.512      1.755
            6212.000       1.649      13.431      16.000    0.02%       2.014      2.871

RANDOM STARTS RESULTS RANKED FROM THE BEST TO THE WORST LOGLIKELIHOOD VALUES

12 perturbed starting value run(s) did not converge in the initial stage
optimizations.

Final stage loglikelihood values at local maxima, seeds, and initial stage start numbers:

          -20049.041  260601           36
          -20049.041  373505           88
          -20049.041  830392           35
          -20049.041  784664           75
          -20049.041  153942           31
          -20049.041  565819           65
          -20049.041  481835           57
          -20049.041  544048           87
          -20049.041  903420           5
          -20049.041  314084           81



THE BEST LOGLIKELIHOOD VALUE HAS BEEN REPLICATED.  RERUN WITH AT LEAST TWICE THE
RANDOM STARTS TO CHECK THAT THE BEST LOGLIKELIHOOD IS STILL OBTAINED AND REPLICATED.


THE MODEL ESTIMATION TERMINATED NORMALLY



MODEL FIT INFORMATION

Number of Free Parameters                       27

Loglikelihood

          H0 Value                      -20049.041
          H0 Scaling Correction Factor      4.9320
            for MLR

Information Criteria

          Akaike (AIC)                   40152.081
          Bayesian (BIC)                 40335.915
          Sample-Size Adjusted BIC       40250.116
            (n* = (n + 2) / 24)



FINAL CLASS COUNTS AND PROPORTIONS FOR THE LATENT CLASSES
BASED ON THE ESTIMATED MODEL

    Latent
   Classes

       1        240.74011          0.03597
       2        239.25989          0.03575
       3        148.29200          0.02216
       4        646.70800          0.09664
       5       4031.53457          0.60244
       6       1385.46543          0.20703


FINAL CLASS COUNTS AND PROPORTIONS FOR THE LATENT CLASSES
BASED ON ESTIMATED POSTERIOR PROBABILITIES

    Latent
   Classes

       1        240.74011          0.03597
       2        239.25989          0.03575
       3        148.29200          0.02216
       4        646.70800          0.09664
       5       4031.53457          0.60244
       6       1385.46543          0.20703


FINAL CLASS COUNTS AND PROPORTIONS FOR THE LATENT CLASSES
BASED ON THEIR MOST LIKELY LATENT CLASS MEMBERSHIP

Class Counts and Proportions

    Latent
   Classes

       1              270          0.04035
       2              210          0.03138
       3              139          0.02077
       4              656          0.09803
       5             4081          0.60983
       6             1336          0.19964


CLASSIFICATION QUALITY

     Entropy                         0.936


Average Latent Class Probabilities for Most Likely Latent Class Membership (Row)
by Latent Class (Column)

           1        2        3        4        5        6

    1   0.854    0.146    0.000    0.000    0.000    0.000
    2   0.048    0.952    0.000    0.000    0.000    0.000
    3   0.000    0.000    0.959    0.041    0.000    0.000
    4   0.000    0.000    0.023    0.977    0.000    0.000
    5   0.000    0.000    0.000    0.000    0.965    0.035
    6   0.000    0.000    0.000    0.000    0.069    0.931


Classification Probabilities for the Most Likely Latent Class Membership (Column)
by Latent Class (Row)

           1        2        3        4        5        6

    1   0.958    0.042    0.000    0.000    0.000    0.000
    2   0.165    0.835    0.000    0.000    0.000    0.000
    3   0.000    0.000    0.899    0.101    0.000    0.000
    4   0.000    0.000    0.009    0.991    0.000    0.000
    5   0.000    0.000    0.000    0.000    0.977    0.023
    6   0.000    0.000    0.000    0.000    0.102    0.898


Logits for the Classification Probabilities for the Most Likely Latent Class Membership (Column)
by Latent Class (Row)

              1        2        3        4        5        6

    1     13.772   10.649    0.000    0.000    0.000    0.000
    2     12.012   13.636    0.000    0.000    0.000    0.000
    3      0.000    0.000   13.709   11.520    0.000    0.000
    4      0.000    0.000    9.075   13.807    0.000    0.000
    5    -10.032  -10.032  -10.032  -10.032    3.761    0.000
    6    -13.708  -13.708  -13.708  -13.708   -2.177    0.000


MODEL RESULTS

                                                    Two-Tailed
                    Estimate       S.E.  Est./S.E.    P-Value

Latent Class 1

 LENGTH   WITH
    WIDTH              0.972      0.186      5.239      0.000

 Means
    LENGTH            14.088      0.534     26.394      0.000
    WIDTH              0.000      0.000    999.000    999.000

 Variances
    LENGTH            39.451      7.174      5.499      0.000
    WIDTH              7.682      1.322      5.811      0.000

Latent Class 2

 LENGTH   WITH
    WIDTH              0.972      0.186      5.239      0.000

 Means
    LENGTH            48.973      2.279     21.485      0.000
    WIDTH              0.000      0.000    999.000    999.000

 Variances
    LENGTH           732.940     76.242      9.613      0.000
    WIDTH              7.682      1.322      5.811      0.000

Latent Class 3

 LENGTH   WITH
    WIDTH              0.972      0.186      5.239      0.000

 Means
    LENGTH             9.296      0.417     22.273      0.000
    WIDTH              5.635      0.273     20.632      0.000

 Variances
    LENGTH            13.877      2.734      5.076      0.000
    WIDTH              7.682      1.322      5.811      0.000

Latent Class 4

 LENGTH   WITH
    WIDTH              0.972      0.186      5.239      0.000

 Means
    LENGTH             3.071      0.165     18.617      0.000
    WIDTH              1.899      0.126     15.104      0.000

 Variances
    LENGTH             1.837      0.336      5.472      0.000
    WIDTH              0.685      0.121      5.661      0.000

Latent Class 5

 LENGTH   WITH
    WIDTH              0.467      0.056      8.416      0.000

 Means
    LENGTH             2.225      0.078     28.631      0.000
    WIDTH              1.581      0.057     27.899      0.000

 Variances
    LENGTH             0.697      0.068     10.239      0.000
    WIDTH              0.367      0.045      8.091      0.000

Latent Class 6

 LENGTH   WITH
    WIDTH              0.467      0.056      8.416      0.000

 Means
    LENGTH             5.117      0.096     53.316      0.000
    WIDTH              3.415      0.078     43.745      0.000

 Variances
    LENGTH             1.286      0.071     18.214      0.000
    WIDTH              0.960      0.071     13.438      0.000

Categorical Latent Variables

 Means
    C#1               -1.750      0.134    -13.072      0.000
    C#2               -1.756      0.205     -8.571      0.000
    C#3               -2.235      0.212    -10.536      0.000
    C#4               -0.762      0.206     -3.692      0.000
    C#5                1.068      0.157      6.800      0.000


STANDARDIZED MODEL RESULTS


STDYX Standardization

                                                    Two-Tailed
                    Estimate       S.E.  Est./S.E.    P-Value

Latent Class 1

 LENGTH   WITH
    WIDTH              0.056      0.013      4.262      0.000

 Means
    LENGTH             2.243      0.172     13.013      0.000
    WIDTH              0.000      0.000    999.000    999.000

 Variances
    LENGTH             1.000      0.000    999.000    999.000
    WIDTH              1.000      0.000    999.000    999.000

Latent Class 2

 LENGTH   WITH
    WIDTH              0.013      0.003      4.217      0.000

 Means
    LENGTH             1.809      0.070     26.021      0.000
    WIDTH              0.000      0.000    999.000    999.000

 Variances
    LENGTH             1.000      0.000    999.000    999.000
    WIDTH              1.000      0.000    999.000    999.000

Latent Class 3

 LENGTH   WITH
    WIDTH              0.094      0.023      4.080      0.000

 Means
    LENGTH             2.495      0.173     14.393      0.000
    WIDTH              2.033      0.166     12.264      0.000

 Variances
    LENGTH             1.000      0.000    999.000    999.000
    WIDTH              1.000      0.000    999.000    999.000

Latent Class 4

 LENGTH   WITH
    WIDTH              0.867      0.016     55.222      0.000

 Means
    LENGTH             2.266      0.215     10.532      0.000
    WIDTH              2.293      0.256      8.950      0.000

 Variances
    LENGTH             1.000      0.000    999.000    999.000
    WIDTH              1.000      0.000    999.000    999.000

Latent Class 5

 LENGTH   WITH
    WIDTH              0.924      0.010     94.425      0.000

 Means
    LENGTH             2.665      0.060     44.190      0.000
    WIDTH              2.609      0.088     29.592      0.000

 Variances
    LENGTH             1.000      0.000    999.000    999.000
    WIDTH              1.000      0.000    999.000    999.000

Latent Class 6

 LENGTH   WITH
    WIDTH              0.421      0.047      8.915      0.000

 Means
    LENGTH             4.512      0.109     41.570      0.000
    WIDTH              3.485      0.106     32.754      0.000

 Variances
    LENGTH             1.000      0.000    999.000    999.000
    WIDTH              1.000      0.000    999.000    999.000


STDY Standardization

                                                    Two-Tailed
                    Estimate       S.E.  Est./S.E.    P-Value

Latent Class 1

 LENGTH   WITH
    WIDTH              0.056      0.013      4.262      0.000

 Means
    LENGTH             2.243      0.172     13.013      0.000
    WIDTH              0.000      0.000    999.000    999.000

 Variances
    LENGTH             1.000      0.000    999.000    999.000
    WIDTH              1.000      0.000    999.000    999.000

Latent Class 2

 LENGTH   WITH
    WIDTH              0.013      0.003      4.217      0.000

 Means
    LENGTH             1.809      0.070     26.021      0.000
    WIDTH              0.000      0.000    999.000    999.000

 Variances
    LENGTH             1.000      0.000    999.000    999.000
    WIDTH              1.000      0.000    999.000    999.000

Latent Class 3

 LENGTH   WITH
    WIDTH              0.094      0.023      4.080      0.000

 Means
    LENGTH             2.495      0.173     14.393      0.000
    WIDTH              2.033      0.166     12.264      0.000

 Variances
    LENGTH             1.000      0.000    999.000    999.000
    WIDTH              1.000      0.000    999.000    999.000

Latent Class 4

 LENGTH   WITH
    WIDTH              0.867      0.016     55.222      0.000

 Means
    LENGTH             2.266      0.215     10.532      0.000
    WIDTH              2.293      0.256      8.950      0.000

 Variances
    LENGTH             1.000      0.000    999.000    999.000
    WIDTH              1.000      0.000    999.000    999.000

Latent Class 5

 LENGTH   WITH
    WIDTH              0.924      0.010     94.425      0.000

 Means
    LENGTH             2.665      0.060     44.190      0.000
    WIDTH              2.609      0.088     29.592      0.000

 Variances
    LENGTH             1.000      0.000    999.000    999.000
    WIDTH              1.000      0.000    999.000    999.000

Latent Class 6

 LENGTH   WITH
    WIDTH              0.421      0.047      8.915      0.000

 Means
    LENGTH             4.512      0.109     41.570      0.000
    WIDTH              3.485      0.106     32.754      0.000

 Variances
    LENGTH             1.000      0.000    999.000    999.000
    WIDTH              1.000      0.000    999.000    999.000


STD Standardization

                                                    Two-Tailed
                    Estimate       S.E.  Est./S.E.    P-Value

Latent Class 1

 LENGTH   WITH
    WIDTH              0.972      0.186      5.239      0.000

 Means
    LENGTH            14.088      0.534     26.394      0.000
    WIDTH              0.000      0.000    999.000    999.000

 Variances
    LENGTH            39.451      7.174      5.499      0.000
    WIDTH              7.682      1.322      5.811      0.000

Latent Class 2

 LENGTH   WITH
    WIDTH              0.972      0.186      5.239      0.000

 Means
    LENGTH            48.973      2.279     21.485      0.000
    WIDTH              0.000      0.000    999.000    999.000

 Variances
    LENGTH           732.940     76.242      9.613      0.000
    WIDTH              7.682      1.322      5.811      0.000

Latent Class 3

 LENGTH   WITH
    WIDTH              0.972      0.186      5.239      0.000

 Means
    LENGTH             9.296      0.417     22.273      0.000
    WIDTH              5.635      0.273     20.632      0.000

 Variances
    LENGTH            13.877      2.734      5.076      0.000
    WIDTH              7.682      1.322      5.811      0.000

Latent Class 4

 LENGTH   WITH
    WIDTH              0.972      0.186      5.239      0.000

 Means
    LENGTH             3.071      0.165     18.617      0.000
    WIDTH              1.899      0.126     15.104      0.000

 Variances
    LENGTH             1.837      0.336      5.472      0.000
    WIDTH              0.685      0.121      5.661      0.000

Latent Class 5

 LENGTH   WITH
    WIDTH              0.467      0.056      8.416      0.000

 Means
    LENGTH             2.225      0.078     28.631      0.000
    WIDTH              1.581      0.057     27.899      0.000

 Variances
    LENGTH             0.697      0.068     10.239      0.000
    WIDTH              0.367      0.045      8.091      0.000

Latent Class 6

 LENGTH   WITH
    WIDTH              0.467      0.056      8.416      0.000

 Means
    LENGTH             5.117      0.096     53.316      0.000
    WIDTH              3.415      0.078     43.745      0.000

 Variances
    LENGTH             1.286      0.071     18.214      0.000
    WIDTH              0.960      0.071     13.438      0.000


R-SQUARE

Class 1

Class 2

Class 3

Class 4

Class 5

Class 6


QUALITY OF NUMERICAL RESULTS

     Condition Number for the Information Matrix              0.536E-05
       (ratio of smallest to largest eigenvalue)


MODEL COMMAND WITH FINAL ESTIMATES USED AS STARTING VALUES

     %OVERALL%

     [ c#1*-1.75007 ];
     [ c#2*-1.75624 ];
     [ c#3*-2.23461 ];
     [ c#4*-0.76190 ];
     [ c#5*1.06811 ];

     %C#1%

     length WITH width*0.97248 (lengthwwidth3);

     [ length*14.08760 ];
     [ width@0 ];

     length*39.45147 (vlength1);
     width*7.68221 (vwidth3);

     %C#2%

     length WITH width*0.97248 (lengthwwidth3);

     [ length*48.97326 ];
     [ width@0 ];

     length*732.94049 (vlength2);
     width*7.68221 (vwidth3);

     %C#3%

     length WITH width*0.97248 (lengthwwidth3);

     [ length*9.29576 ];
     [ width*5.63470 ];

     length*13.87723 (vlength3);
     width*7.68221 (vwidth3);

     %C#4%

     length WITH width*0.97248 (lengthwwidth3);

     [ length*3.07106 ];
     [ width*1.89854 ];

     length*1.83698 (vlength4);
     width*0.68537 (vwidth4);

     %C#5%

     length WITH width*0.46740 (lengthwwidth5);

     [ length*2.22501 ];
     [ width*1.58096 ];

     length*0.69726 (vlength5);
     width*0.36731 (vwidth5);

     %C#6%

     length WITH width*0.46740 (lengthwwidth5);

     [ length*5.11661 ];
     [ width*3.41453 ];

     length*1.28611 (vlength6);
     width*0.96007 (vwidth6);



SAVEDATA INFORMATION


  Save file
    combined_save.dat

  Order and format of variables

    LENGTH         F10.3
    WIDTH          F10.3
    C1             F10.3
    C2             F10.3
    C3             F10.3
    C4             F10.3
    C5             F10.3
    C6             F10.3
    CPROB1         F10.3
    CPROB2         F10.3
    CPROB3         F10.3
    CPROB4         F10.3
    CPROB5         F10.3
    CPROB6         F10.3
    C              F10.3
    SAMPLE         I3

  Save file format
    15F10.3 I3

  Save file record length    10000


     Beginning Time:  20:16:57
        Ending Time:  20:17:07
       Elapsed Time:  00:00:10



MUTHEN & MUTHEN
3463 Stoner Ave.
Los Angeles, CA  90066

Tel: (310) 391-9971
Fax: (310) 391-8971
Web: www.StatModel.com
Support: Support@StatModel.com

Copyright (c) 1998-2019 Muthen & Muthen
